build/app/outputs/mapping/release/seeds.txt
com.example.coffee_ecommerce.MainActivity
com.example.coffee_ecommerce.MainActivity: MainActivity()
...
io.flutter.embedding.engine.FlutterJNI: void deferredComponentInstallFailure(int,java.lang.String,boolean)
android.support.v4.graphics.drawable.IconCompatParcelizer: androidx.core.graphics.drawable.IconCompat read(androidx.versionedparcelable.VersionedParcel)
io.flutter.plugin.editing.ImeSyncDeferringInsetsCallback: io.flutter.plugin.editing.ImeSyncDeferringInsetsCallback$InsetsListener insetsListener
io.flutter.embedding.android.DrawableSplashScreen$DrawableSplashScreenView
io.flutter.plugin.editing.ImeSyncDeferringInsetsCallback: boolean access$200(io.flutter.plugin.editing.ImeSyncDeferringInsetsCallback)
io.flutter.embedding.engine.FlutterJNI: void setLocalizationPlugin(io.flutter.plugin.localization.LocalizationPlugin)
io.flutter.embedding.android.FlutterImageView$SurfaceKind: io.flutter.embedding.android.FlutterImageView$SurfaceKind valueOf(java.lang.String)
io.flutter.embedding.engine.FlutterJNI: boolean loadLibraryCalled
io.flutter.plugin.platform.SingleViewPresentation: int viewId
io.flutter.view.AccessibilityViewEmbedder: android.view.View rootAccessibilityView
io.flutter.embedding.engine.FlutterJNI: android.graphics.Bitmap getBitmap()
io.flutter.embedding.engine.renderer.SurfaceTextureWrapper
io.flutter.plugin.editing.ImeSyncDeferringInsetsCallback: void install()
io.flutter.embedding.engine.systemchannels.PlatformChannel$DeviceOrientation: io.flutter.embedding.engine.systemchannels.PlatformChannel$DeviceOrientation[] values()
io.flutter.embedding.engine.FlutterJNI: void onEndFrame()
io.flutter.plugin.editing.ImeSyncDeferringInsetsCallback$AnimationCallback: void onPrepare(android.view.WindowInsetsAnimation)
io.flutter.embedding.engine.FlutterJNI: void nativeSetViewportMetrics(long,float,int,int,int,int,int,int,int,int,int,int,int,int,int,int)
io.flutter.embedding.engine.FlutterJNI: void onSurfaceChanged(int,int)
io.flutter.embedding.engine.FlutterJNI: android.graphics.Bitmap nativeGetBitmap(long)
io.flutter.plugin.platform.SingleViewPresentation: android.widget.FrameLayout container
io.flutter.embedding.engine.FlutterJNI: void ensureRunningOnMainThread()
io.flutter.embedding.engine.FlutterJNI: void setRefreshRateFPS(float)
io.flutter.embedding.engine.FlutterJNI: void addIsDisplayingFlutterUiListener(io.flutter.embedding.engine.renderer.FlutterUiDisplayListener)
io.flutter.embedding.android.FlutterSplashView$SavedState: void writeToParcel(android.os.Parcel,int)
io.flutter.embedding.engine.renderer.SurfaceTextureWrapper: void updateTexImage()
io.flutter.embedding.engine.systemchannels.PlatformChannel$SystemUiOverlay: io.flutter.embedding.engine.systemchannels.PlatformChannel$SystemUiOverlay[] values()
io.flutter.plugin.editing.TextInputPlugin$InputTarget$Type: io.flutter.plugin.editing.TextInputPlugin$InputTarget$Type valueOf(java.lang.String)
io.flutter.embedding.engine.FlutterJNI: boolean nativeFlutterTextUtilsIsVariationSelector(int)
androidx.lifecycle.LiveData$LifecycleBoundObserver
io.flutter.embedding.engine.systemchannels.TextInputChannel$TextCapitalization: io.flutter.embedding.engine.systemchannels.TextInputChannel$TextCapitalization valueOf(java.lang.String)
io.flutter.plugin.platform.SingleViewPresentation: boolean startFocused
androidx.core.app.RemoteActionCompatParcelizer
io.flutter.embedding.engine.FlutterJNI: void onSurfaceWindowChanged(android.view.Surface)
io.flutter.embedding.engine.FlutterJNI: boolean initCalled
io.flutter.embedding.engine.mutatorsstack.FlutterMutatorsStack
io.flutter.embedding.engine.FlutterJNI: void dispatchSemanticsAction(int,io.flutter.view.AccessibilityBridge$Action,java.lang.Object)
androidx.lifecycle.Lifecycle$Event: androidx.lifecycle.Lifecycle$Event ON_STOP
io.flutter.embedding.engine.FlutterJNI: void markTextureFrameAvailable(long)
io.flutter.embedding.engine.FlutterJNI: void destroyOverlaySurfaces()
io.flutter.view.AccessibilityBridge$AccessibilityFeature: io.flutter.view.AccessibilityBridge$AccessibilityFeature[] values()