build/app/outputs/mapping/release/usage.txt
com.example.coffee_ecommerce.R$style
com.example.coffee_ecommerce.BuildConfig
com.example.coffee_ecommerce.R$drawable
com.example.coffee_ecommerce.R$dimen
com.example.coffee_ecommerce.R$string
com.example.coffee_ecommerce.R$layout
com.example.coffee_ecommerce.R$color
com.example.coffee_ecommerce.R$styleable
com.example.coffee_ecommerce.R$id
com.example.coffee_ecommerce.R$mipmap
com.example.coffee_ecommerce.R$attr
com.example.coffee_ecommerce.R
com.example.coffee_ecommerce.R$integer
...
kotlin.time.Duration$Companion
kotlin.time.AbstractDoubleClock$DoubleClockMark
kotlin.collections.ShortIterator
androidx.core.text.TextDirectionHeuristicsCompat$AnyStrong
org.intellij.lang.annotations.JdkConstants$TreeSelectionMode
kotlin.coroutines.experimental.intrinsics.IntrinsicsKt__IntrinsicsJvmKt$buildContinuationByInvokeCall$continuation$1
kotlin.internal.DynamicExtension
kotlin.PreconditionsKt
androidx.collection.ArraySet$1
androidx.core.provider.FontsContractCompat$FontRequestCallback
kotlin.jvm.internal.FunctionReferenceImpl
kotlin.UByteArray
io.flutter.plugin.editing.TextInputPlugin:
    android.text.Editable getEditable()
    io.flutter.plugin.editing.ImeSyncDeferringInsetsCallback getImeSyncCallback()
    public io.flutter.embedding.android.AndroidKeyProcessor getKeyEventProcessor()
    private static final java.lang.String TAG
androidx.core.app.NotificationManagerCompat$SideChannelManager$ListenerRecord
kotlin.coroutines.CombinedContext
kotlin._Assertions
androidx.core.graphics.TypefaceCompatBaseImpl$StyleExtractor
androidx.core.database.DatabaseUtilsCompat
androidx.fragment.app.FragmentTransitionCompat21$1
androidx.core.view.MenuItemCompat$OnActionExpandListener
kotlin.collections.ArraysKt___ArraysKt$asSequence$$inlined$Sequence$1
kotlin.coroutines.ContinuationKt$Continuation$1
androidx.loader.app.LoaderManagerImpl$LoaderObserver
androidx.lifecycle.LifecycleRegistry$ObserverWithState:
    void <init>(androidx.lifecycle.LifecycleObserver,androidx.lifecycle.Lifecycle$State)
kotlin.SynchronizedLazyImpl
androidx.core.graphics.drawable.TintAwareDrawable
kotlin.sequences.SequencesKt___SequencesKt$filterIsInstance$1
androidx.viewpager.widget.ViewPager$SavedState
androidx.annotation.AnimRes
androidx.annotation.XmlRes
kotlin.jvm.internal.Ref$ShortRef
androidx.loader.content.Loader$OnLoadCanceledListener
androidx.lifecycle.ViewModelStore:
    public void <init>()
    final void put(java.lang.String,androidx.lifecycle.ViewModel)
    final androidx.lifecycle.ViewModel get(java.lang.String)
    java.util.Set keys()
    private final java.util.HashMap mMap
kotlin.coroutines.jvm.internal.ContinuationImpl
kotlin.text.Regex$Serialized$Companion
androidx.core.graphics.TypefaceCompatBaseImpl
androidx.core.view.ViewCompat$NestedScrollType
io.flutter.embedding.engine.plugins.FlutterPlugin$FlutterAssets:
    public abstract java.lang.String getAssetFilePathByName(java.lang.String)
    public abstract java.lang.String getAssetFilePathByName(java.lang.String,java.lang.String)
    public abstract java.lang.String getAssetFilePathBySubpath(java.lang.String)
    public abstract java.lang.String getAssetFilePathBySubpath(java.lang.String,java.lang.String)
androidx.activity.OnBackPressedDispatcher:
    public void <init>()
    public void <init>(java.lang.Runnable)
    public void addCallback(androidx.activity.OnBackPressedCallback)
    public void addCallback(androidx.lifecycle.LifecycleOwner,androidx.activity.OnBackPressedCallback)
    public boolean hasEnabledCallbacks()
    private final java.lang.Runnable mFallbackOnBackPressed
    final java.util.ArrayDeque mOnBackPressedCallbacks
kotlin.ranges.URangesKt
androidx.annotation.IntDef
androidx.core.os.CancellationSignal$OnCancelListener
kotlin.ranges.LongRange
kotlin.annotation.AnnotationRetention
androidx.fragment.app.FragmentManagerImpl$1
androidx.loader.R$styleable
kotlin.sequences.SubSequence
androidx.core.view.KeyEventDispatcher
kotlin.collections.MapsKt
androidx.core.view.NestedScrollingChild3
io.flutter.BuildConfig
androidx.core.content.res.TypedArrayUtils
kotlin.NumbersKt__BigDecimalsKt
kotlin.collections.ArraysKt___ArraysKt
kotlin.UInt$Companion
kotlin.jvm.functions.Function3
androidx.fragment.app.FragmentContainer
androidx.fragment.app.FragmentTransitionImpl$2
android.support.v4.os.ResultReceiver
androidx.core.app.JobIntentService$JobWorkEnqueuer
androidx.arch.core.R
kotlin.coroutines.experimental.jvm.internal.CoroutineIntrinsics